Building DAG of jobs...
Using shell: /usr/bin/bash
Provided cluster nodes: 5
Job stats:
job      count
-----  -------
hello        1
total        1

Select jobs to execute...

[Thu Jul 11 12:34:42 2024]
rule hello:
    output: output/1.txt
    jobid: 0
    reason: Missing output files: output/1.txt
    wildcards: num=1
    resources: mem_mb=10, mem_mib=10, disk_mb=1000, disk_mib=954, tmpdir=<TBD>

Error submitting jobscript (exit code 1):

Shutting down, this might take some time.
Exiting because a job execution failed. Look above for error message
Complete log: .snakemake/log/2024-07-11T123441.587483.snakemake.log
