Building DAG of jobs...
MissingInputException in rule all in file /data/users/pamrein/2024_masterthesis/read-MINE-results/Snakefile, line 27:
Missing input files for rule all:
    affected files:
        read_mine_results/db_files/cleaned_files/compounds_1_generalized_230106_frozen_metadata_for_MINES_split_36.csv_67076.9_.parquet
        read_mine_results/db_files/cleaned_files/reactions_1_generalized_230106_frozen_metadata_for_MINES_split_34.csv_70733.46_.parquet
        read_mine_results/db_files/cleaned_files/reactions_1_generalized_230106_frozen_metadata_for_MINES_split_03.csv_73681.98_.parquet
        read_mine_results/db_files/cleaned_files/compounds_1_generalized_230106_frozen_metadata_for_MINES_split_38.csv_99566.17_.parquet
        read_mine_results/db_files/cleaned_files/compounds_1_generalized_230106_frozen_metadata_for_MINES_split_26.csv_75825.26_.parquet
        read_mine_results/db_files/cleaned_files/compounds_1_generalized_230106_frozen_metadata_for_MINES_split_08.csv_83708.7_.parquet
        read_mine_results/db_files/cleaned_files/reactions_1_generalized_230106_frozen_metadata_for_MINES_split_16.csv_89705.03_.parquet
        read_mine_results/db_files/cleaned_files/reactions_1_generalized_230106_frozen_metadata_for_MINES_split_07.csv_72677.2_.parquet
        read_mine_results/db_files/cleaned_files/compounds_1_generalized_230106_frozen_metadata_for_MINES_split_14.csv_85718.53_.parquet
        read_mine_results/db_files/cleaned_files/reactions_1_generalized_230106_frozen_metadata_for_MINES_split_06.csv_81469.15_.parquet
        read_mine_results/db_files/cleaned_files/compounds_1_generalized_230106_frozen_metadata_for_MINES_split_25.csv_72559.26_.parquet
        read_mine_results/db_files/cleaned_files/compounds_1_generalized_230106_frozen_metadata_for_MINES_split_24.csv_75481.95_.parquet
        read_mine_results/db_files/cleaned_files/compounds_1_generalized_230106_frozen_metadata_for_MINES_split_09.csv_85265.63_.parquet
        read_mine_results/db_files/cleaned_files/compounds_1_generalized_230106_frozen_metadata_for_MINES_split_44.csv_19085.9_.parquet
        read_mine_results/db_files/cleaned_files/reactions_1_generalized_230106_frozen_metadata_for_MINES_split_37.csv_69187.24_.parquet
        read_mine_results/db_files/cleaned_files/reactions_1_generalized_230106_frozen_metadata_for_MINES_split_19.csv_68403.06_.parquet
        read_mine_results/db_files/cleaned_files/reactions_1_generalized_230106_frozen_metadata_for_MINES_split_02.csv_72696.32_.parquet
        read_mine_results/db_files/cleaned_files/compounds_1_generalized_230106_frozen_metadata_for_MINES_split_28.csv_72318.91_.parquet
        read_mine_results/db_files/cleaned_files/compounds_1_generalized_230106_frozen_metadata_for_MINES_split_23.csv_75138.27_.parquet
        read_mine_results/db_files/cleaned_files/compounds_1_generalized_230106_frozen_metadata_for_MINES_split_39.csv_58816.3_.parquet
        read_mine_results/db_files/cleaned_files/reactions_1_generalized_230106_frozen_metadata_for_MINES_split_00.csv_77226.91_.parquet
        read_mine_results/db_files/cleaned_files/reactions_1_generalized_230106_frozen_metadata_for_MINES_split_35.csv_82744.47_.parquet
        read_mine_results/db_files/cleaned_files/compounds_1_generalized_230106_frozen_metadata_for_MINES_split_07.csv_72677.2_.parquet
        read_mine_results/db_files/cleaned_files/compounds_1_generalized_230106_frozen_metadata_for_MINES_split_19.csv_68403.06_.parquet
        read_mine_results/db_files/cleaned_files/reactions_1_generalized_230106_frozen_metadata_for_MINES_split_22.csv_82515.87_.parquet
        read_mine_results/db_files/cleaned_files/reactions_1_generalized_230106_frozen_metadata_for_MINES_split_25.csv_72559.26_.parquet
        read_mine_results/db_files/cleaned_files/reactions_1_generalized_230106_frozen_metadata_for_MINES_split_41.csv_82971.18_.parquet
        read_mine_results/db_files/cleaned_files/compounds_1_generalized_230106_frozen_metadata_for_MINES_split_29.csv_86325.82_.parquet
        read_mine_results/db_files/cleaned_files/reactions_1_generalized_230106_frozen_metadata_for_MINES_split_27.csv_79717.04_.parquet
        read_mine_results/db_files/cleaned_files/reactions_1_generalized_230106_frozen_metadata_for_MINES_split_44.csv_19085.9_.parquet
        read_mine_results/db_files/cleaned_files/reactions_1_generalized_230106_frozen_metadata_for_MINES_split_43.csv_84305.78_.parquet
        read_mine_results/db_files/cleaned_files/compounds_1_generalized_230106_frozen_metadata_for_MINES_split_03.csv_73681.98_.parquet
        read_mine_results/db_files/cleaned_files/compounds_1_generalized_230106_frozen_metadata_for_MINES_split_35.csv_82744.47_.parquet
        read_mine_results/db_files/cleaned_files/compounds_1_generalized_230106_frozen_metadata_for_MINES_split_11.csv_56459.81_.parquet
        read_mine_results/db_files/cleaned_files/compounds_1_generalized_230106_frozen_metadata_for_MINES_split_05.csv_74370.56_.parquet
        read_mine_results/db_files/cleaned_files/compounds_1_generalized_230106_frozen_metadata_for_MINES_split_34.csv_70733.46_.parquet
        read_mine_results/db_files/cleaned_files/reactions_1_generalized_230106_frozen_metadata_for_MINES_split_42.csv_80958.91_.parquet
        read_mine_results/db_files/cleaned_files/reactions_1_generalized_230106_frozen_metadata_for_MINES_split_04.csv_83084.05_.parquet
        read_mine_results/db_files/cleaned_files/compounds_1_generalized_230106_frozen_metadata_for_MINES_split_13.csv_84684.53_.parquet
        read_mine_results/db_files/cleaned_files/reactions_1_generalized_230106_frozen_metadata_for_MINES_split_10.csv_74418.07_.parquet
        read_mine_results/db_files/cleaned_files/compounds_1_generalized_230106_frozen_metadata_for_MINES_split_20.csv_90307.79_.parquet
        read_mine_results/db_files/cleaned_files/reactions_1_generalized_230106_frozen_metadata_for_MINES_split_08.csv_83708.7_.parquet
        read_mine_results/db_files/cleaned_files/reactions_1_generalized_230106_frozen_metadata_for_MINES_split_31.csv_72576.91_.parquet
        read_mine_results/db_files/cleaned_files/reactions_1_generalized_230106_frozen_metadata_for_MINES_split_28.csv_72318.91_.parquet
        read_mine_results/db_files/cleaned_files/reactions_1_generalized_230106_frozen_metadata_for_MINES_split_18.csv_80028.45_.parquet
        read_mine_results/db_files/cleaned_files/reactions_1_generalized_230106_frozen_metadata_for_MINES_split_01.csv_81927.22_.parquet
        read_mine_results/db_files/cleaned_files/reactions_1_generalized_230106_frozen_metadata_for_MINES_split_30.csv_72951.66_.parquet
        read_mine_results/db_files/cleaned_files/reactions_1_generalized_230106_frozen_metadata_for_MINES_split_32.csv_77954.75_.parquet
        read_mine_results/db_files/cleaned_files/compounds_1_generalized_230106_frozen_metadata_for_MINES_split_27.csv_79717.04_.parquet
        read_mine_results/db_files/cleaned_files/compounds_1_generalized_230106_frozen_metadata_for_MINES_split_21.csv_88684.05_.parquet
        read_mine_results/db_files/cleaned_files/compounds_1_generalized_230106_frozen_metadata_for_MINES_split_40.csv_86244.94_.parquet
        read_mine_results/db_files/cleaned_files/reactions_1_generalized_230106_frozen_metadata_for_MINES_split_26.csv_75825.26_.parquet
        read_mine_results/db_files/cleaned_files/compounds_1_generalized_230106_frozen_metadata_for_MINES_split_32.csv_77954.75_.parquet
        read_mine_results/db_files/cleaned_files/reactions_1_generalized_230106_frozen_metadata_for_MINES_split_21.csv_88684.05_.parquet
        read_mine_results/db_files/cleaned_files/reactions_1_generalized_230106_frozen_metadata_for_MINES_split_17.csv_64980.67_.parquet
        read_mine_results/db_files/cleaned_files/compounds_1_generalized_230106_frozen_metadata_for_MINES_split_15.csv_75028.51_.parquet
        read_mine_results/db_files/cleaned_files/reactions_1_generalized_230106_frozen_metadata_for_MINES_split_36.csv_67076.9_.parquet
        read_mine_results/db_files/cleaned_files/compounds_1_generalized_230106_frozen_metadata_for_MINES_split_41.csv_82971.18_.parquet
        read_mine_results/db_files/cleaned_files/reactions_1_generalized_230106_frozen_metadata_for_MINES_split_05.csv_74370.56_.parquet
        read_mine_results/db_files/cleaned_files/reactions_1_generalized_230106_frozen_metadata_for_MINES_split_14.csv_85718.53_.parquet
        read_mine_results/db_files/cleaned_files/compounds_1_generalized_230106_frozen_metadata_for_MINES_split_30.csv_72951.66_.parquet
        read_mine_results/db_files/cleaned_files/reactions_1_generalized_230106_frozen_metadata_for_MINES_split_40.csv_86244.94_.parquet
        read_mine_results/db_files/cleaned_files/reactions_1_generalized_230106_frozen_metadata_for_MINES_split_33.csv_75490.06_.parquet
        read_mine_results/db_files/cleaned_files/compounds_1_generalized_230106_frozen_metadata_for_MINES_split_22.csv_82515.87_.parquet
        read_mine_results/db_files/cleaned_files/compounds_1_generalized_230106_frozen_metadata_for_MINES_split_12.csv_78433.0_.parquet
        read_mine_results/db_files/cleaned_files/reactions_1_generalized_230106_frozen_metadata_for_MINES_split_15.csv_75028.51_.parquet
        read_mine_results/db_files/cleaned_files/reactions_1_generalized_230106_frozen_metadata_for_MINES_split_11.csv_56459.81_.parquet
        read_mine_results/db_files/cleaned_files/compounds_1_generalized_230106_frozen_metadata_for_MINES_split_43.csv_84305.78_.parquet
        read_mine_results/db_files/cleaned_files/reactions_1_generalized_230106_frozen_metadata_for_MINES_split_29.csv_86325.82_.parquet
        read_mine_results/db_files/cleaned_files/compounds_1_generalized_230106_frozen_metadata_for_MINES_split_42.csv_80958.91_.parquet
        read_mine_results/db_files/cleaned_files/compounds_1_generalized_230106_frozen_metadata_for_MINES_split_18.csv_80028.45_.parquet
        read_mine_results/db_files/cleaned_files/compounds_1_generalized_230106_frozen_metadata_for_MINES_split_31.csv_72576.91_.parquet
        read_mine_results/db_files/cleaned_files/reactions_1_generalized_230106_frozen_metadata_for_MINES_split_13.csv_84684.53_.parquet
        read_mine_results/db_files/cleaned_files/compounds_1_generalized_230106_frozen_metadata_for_MINES_split_10.csv_74418.07_.parquet
        read_mine_results/db_files/cleaned_files/reactions_1_generalized_230106_frozen_metadata_for_MINES_split_09.csv_85265.63_.parquet
        read_mine_results/db_files/cleaned_files/reactions_1_generalized_230106_frozen_metadata_for_MINES_split_20.csv_90307.79_.parquet
        read_mine_results/db_files/cleaned_files/compounds_1_generalized_230106_frozen_metadata_for_MINES_split_16.csv_89705.03_.parquet
        read_mine_results/db_files/cleaned_files/compounds_1_generalized_230106_frozen_metadata_for_MINES_split_33.csv_75490.06_.parquet
        read_mine_results/db_files/cleaned_files/compounds_1_generalized_230106_frozen_metadata_for_MINES_split_01.csv_81927.22_.parquet
        read_mine_results/db_files/cleaned_files/compounds_1_generalized_230106_frozen_metadata_for_MINES_split_17.csv_64980.67_.parquet
        read_mine_results/db_files/cleaned_files/compounds_1_generalized_230106_frozen_metadata_for_MINES_split_02.csv_72696.32_.parquet
        read_mine_results/db_files/cleaned_files/reactions_1_generalized_230106_frozen_metadata_for_MINES_split_39.csv_58816.3_.parquet
        read_mine_results/db_files/cleaned_files/reactions_1_generalized_230106_frozen_metadata_for_MINES_split_23.csv_75138.27_.parquet
        read_mine_results/db_files/cleaned_files/compounds_1_generalized_230106_frozen_metadata_for_MINES_split_04.csv_83084.05_.parquet
        read_mine_results/db_files/cleaned_files/compounds_1_generalized_230106_frozen_metadata_for_MINES_split_37.csv_69187.24_.parquet
        read_mine_results/db_files/cleaned_files/compounds_1_generalized_230106_frozen_metadata_for_MINES_split_06.csv_81469.15_.parquet
        read_mine_results/db_files/cleaned_files/reactions_1_generalized_230106_frozen_metadata_for_MINES_split_12.csv_78433.0_.parquet
        read_mine_results/db_files/cleaned_files/reactions_1_generalized_230106_frozen_metadata_for_MINES_split_38.csv_99566.17_.parquet
        read_mine_results/db_files/cleaned_files/compounds_1_generalized_230106_frozen_metadata_for_MINES_split_00.csv_77226.91_.parquet
        read_mine_results/db_files/cleaned_files/reactions_1_generalized_230106_frozen_metadata_for_MINES_split_24.csv_75481.95_.parquet
