Building DAG of jobs...
Using shell: /usr/bin/bash
Provided cluster nodes: 5
Job stats:
job      count
-----  -------
all          1
hello       10
total       11

Select jobs to execute...

[Thu Jul 11 12:44:47 2024]
rule hello:
    output: output/6.txt
    jobid: 7
    reason: Missing output files: output/6.txt
    wildcards: num=6
    resources: mem_mb=10, mem_mib=10, disk_mb=1000, disk_mib=954, tmpdir=<TBD>

Submitted job 7 with external jobid 'Submitted batch job 12927107'.

[Thu Jul 11 12:44:47 2024]
rule hello:
    output: output/8.txt
    jobid: 9
    reason: Missing output files: output/8.txt
    wildcards: num=8
    resources: mem_mb=10, mem_mib=10, disk_mb=1000, disk_mib=954, tmpdir=<TBD>

Submitted job 9 with external jobid 'Submitted batch job 12927108'.

[Thu Jul 11 12:44:47 2024]
rule hello:
    output: output/0.txt
    jobid: 1
    reason: Missing output files: output/0.txt
    wildcards: num=0
    resources: mem_mb=10, mem_mib=10, disk_mb=1000, disk_mib=954, tmpdir=<TBD>

Submitted job 1 with external jobid 'Submitted batch job 12927109'.

[Thu Jul 11 12:44:47 2024]
rule hello:
    output: output/3.txt
    jobid: 4
    reason: Missing output files: output/3.txt
    wildcards: num=3
    resources: mem_mb=10, mem_mib=10, disk_mb=1000, disk_mib=954, tmpdir=<TBD>

Submitted job 4 with external jobid 'Submitted batch job 12927110'.

[Thu Jul 11 12:44:47 2024]
rule hello:
    output: output/5.txt
    jobid: 6
    reason: Missing output files: output/5.txt
    wildcards: num=5
    resources: mem_mb=10, mem_mib=10, disk_mb=1000, disk_mib=954, tmpdir=<TBD>

Submitted job 6 with external jobid 'Submitted batch job 12927111'.
[Thu Jul 11 12:45:17 2024]
Finished job 7.
1 of 11 steps (9%) done
Select jobs to execute...

[Thu Jul 11 12:45:17 2024]
rule hello:
    output: output/4.txt
    jobid: 5
    reason: Missing output files: output/4.txt
    wildcards: num=4
    resources: mem_mb=10, mem_mib=10, disk_mb=1000, disk_mib=954, tmpdir=<TBD>

Submitted job 5 with external jobid 'Submitted batch job 12927120'.
[Thu Jul 11 12:45:17 2024]
Finished job 9.
2 of 11 steps (18%) done
[Thu Jul 11 12:45:17 2024]
Finished job 1.
3 of 11 steps (27%) done
[Thu Jul 11 12:45:17 2024]
Finished job 6.
4 of 11 steps (36%) done
Select jobs to execute...

[Thu Jul 11 12:45:17 2024]
rule hello:
    output: output/7.txt
    jobid: 8
    reason: Missing output files: output/7.txt
    wildcards: num=7
    resources: mem_mb=10, mem_mib=10, disk_mb=1000, disk_mib=954, tmpdir=<TBD>

Submitted job 8 with external jobid 'Submitted batch job 12927121'.

[Thu Jul 11 12:45:17 2024]
rule hello:
    output: output/1.txt
    jobid: 2
    reason: Missing output files: output/1.txt
    wildcards: num=1
    resources: mem_mb=10, mem_mib=10, disk_mb=1000, disk_mib=954, tmpdir=<TBD>

Submitted job 2 with external jobid 'Submitted batch job 12927122'.

[Thu Jul 11 12:45:17 2024]
rule hello:
    output: output/9.txt
    jobid: 10
    reason: Missing output files: output/9.txt
    wildcards: num=9
    resources: mem_mb=10, mem_mib=10, disk_mb=1000, disk_mib=954, tmpdir=<TBD>

Submitted job 10 with external jobid 'Submitted batch job 12927123'.
Select jobs to execute...
[Thu Jul 11 12:45:27 2024]
Finished job 4.
5 of 11 steps (45%) done

[Thu Jul 11 12:45:27 2024]
rule hello:
    output: output/2.txt
    jobid: 3
    reason: Missing output files: output/2.txt
    wildcards: num=2
    resources: mem_mb=10, mem_mib=10, disk_mb=1000, disk_mib=954, tmpdir=<TBD>

Submitted job 3 with external jobid 'Submitted batch job 12927125'.
[Thu Jul 11 12:45:47 2024]
Finished job 5.
6 of 11 steps (55%) done
[Thu Jul 11 12:45:47 2024]
Finished job 8.
7 of 11 steps (64%) done
[Thu Jul 11 12:45:47 2024]
Finished job 2.
8 of 11 steps (73%) done
[Thu Jul 11 12:45:47 2024]
Finished job 10.
9 of 11 steps (82%) done
[Thu Jul 11 12:45:57 2024]
Finished job 3.
10 of 11 steps (91%) done
Select jobs to execute...

[Thu Jul 11 12:45:57 2024]
localrule all:
    input: output/0.txt, output/1.txt, output/2.txt, output/3.txt, output/4.txt, output/5.txt, output/6.txt, output/7.txt, output/8.txt, output/9.txt
    jobid: 0
    reason: Input files updated by another job: output/2.txt, output/7.txt, output/9.txt, output/3.txt, output/1.txt, output/5.txt, output/8.txt, output/6.txt, output/0.txt, output/4.txt
    resources: mem_mb=1000000, mem_mib=953675, disk_mb=1000, disk_mib=954, tmpdir=/scratch/12921223

[Thu Jul 11 12:45:57 2024]
Finished job 0.
11 of 11 steps (100%) done
Complete log: .snakemake/log/2024-07-11T124446.792304.snakemake.log
