Building DAG of jobs...
Using shell: /usr/bin/bash
Provided cluster nodes: 5
Job stats:
job      count
-----  -------
hello        1
total        1

Select jobs to execute...

[Thu Jul 11 12:44:31 2024]
rule hello:
    output: output/1.txt
    jobid: 0
    reason: Missing output files: output/1.txt
    wildcards: num=1
    resources: mem_mb=10, mem_mib=10, disk_mb=1000, disk_mib=954, tmpdir=<TBD>

Submitted job 0 with external jobid 'Submitted batch job 12927103'.
Terminating processes on user request, this might take some time.
No --cluster-cancel given. Will exit after finishing currently running jobs.
Complete log: .snakemake/log/2024-07-11T124431.030033.snakemake.log
